2025-01-22 19:14:25.803436 - User: Anonymous - Path: /
Not Found: /
2025-01-22 19:14:26.039118 - User: Anonymous - Path: /favicon.ico
Not Found: /favicon.ico
2025-01-22 19:14:30.076270 - User: Anonymous - Path: /admin/
2025-01-22 19:14:30.088418 - User: Anonymous - Path: /admin/login/
2025-01-22 19:15:02.293660 - User: Anonymous - Path: /api/conversations/
Forbidden: /api/conversations/
2025-01-22 19:15:43.922376 - User: Anonymous - Path: /api/conversations/1/messages/
Forbidden: /api/conversations/1/messages/
2025-01-22 19:16:18.438345 - User: Anonymous - Path: /api/conversations/
Forbidden: /api/conversations/
2025-01-22 19:16:27.907999 - User: Anonymous - Path: /api/conversations/
Forbidden: /api/conversations/
2025-01-22 19:21:28.991048 - User: Anonymous - Path: /api/conversations/
Forbidden: /api/conversations/
2025-01-22 19:28:31.210975 - User: Anonymous - Path: /api/conversations/
Forbidden: /api/conversations/
/home/steve/alx-backend-python/Django-Middleware-0x03/Django-Middleware-0x03/messaging_app/settings.py changed, reloading.
2025-01-22 19:31:43.649935 - User: Anonymous - Path: /api/conversations/
Forbidden: /api/conversations/
2025-01-22 19:33:06.080583 - User: Anonymous - Path: /api/conversations/
Forbidden: /api/conversations/
2025-01-22 19:34:45.968246 - User: Anonymous - Path: /api/auth/token/
Not Found: /api/auth/token/
2025-01-22 19:35:12.522264 - User: Anonymous - Path: /api/auth/token/
Not Found: /api/auth/token/
/home/steve/alx-backend-python/Django-Middleware-0x03/Django-Middleware-0x03/chats/middleware.py changed, reloading.
